[INFO ] 2022-11-19 20:07:22.223 [main] SauceLiveProject - Browser open.....
[INFO ] 2022-11-19 20:13:12.344 [main] SauceLiveProject - Browser open.....
[INFO ] 2022-11-19 20:15:57.297 [main] SauceLiveProject - Browser open.....
[INFO ] 2022-11-19 20:33:37.858 [main] SauceLiveProject - Browser open.....
[INFO ] 2022-11-19 20:37:59.849 [main] SauceLiveProject - Browser open.....
[INFO ] 2022-11-19 23:22:35.354 [main] SauceLiveProject - Browser open.....
[INFO ] 2022-11-19 23:31:04.542 [main] SauceLiveProject - Browser open.....
[INFO ] 2022-11-19 23:31:05.099 [main] SauceLiveProject - Login Successful..
[INFO ] 2022-11-19 23:31:08.242 [main] SauceLiveProject - Browser open.....
[INFO ] 2022-11-19 23:31:08.700 [main] SauceLiveProject - Login Successful..
[INFO ] 2022-11-19 23:31:46.920 [main] SauceLiveProject - Browser open.....
[INFO ] 2022-11-19 23:31:47.609 [main] SauceLiveProject - Login Successful..
[INFO ] 2022-11-19 23:31:51.086 [main] SauceLiveProject - Browser open.....
[INFO ] 2022-11-19 23:31:51.709 [main] SauceLiveProject - Login Successful..
[INFO ] 2022-11-19 23:34:00.325 [main] SauceLiveProject - Browser open.....
[INFO ] 2022-11-19 23:34:01.131 [main] SauceLiveProject - Login Successful..
[INFO ] 2022-11-19 23:34:04.824 [main] SauceLiveProject - Browser open.....
[INFO ] 2022-11-19 23:34:05.551 [main] SauceLiveProject - Login Successful..
[INFO ] 2022-11-19 23:50:51.885 [main] SauceLiveProject - Browser open.....
[INFO ] 2022-11-19 23:51:05.301 [main] SauceLiveProject - Browser open.....
[INFO ] 2022-11-19 23:53:43.388 [main] SauceLiveProject - Browser open.....
[INFO ] 2022-11-19 23:53:44.461 [main] SauceLiveProject - Login Successful..
[INFO ] 2022-11-19 23:53:49.171 [main] SauceLiveProject - Browser open.....
[INFO ] 2022-11-19 23:55:54.973 [main] SauceLiveProject - Browser open.....
[INFO ] 2022-11-19 23:55:55.928 [main] SauceLiveProject - Login Successful..
[INFO ] 2022-11-19 23:55:59.242 [main] SauceLiveProject - Browser open.....
[INFO ] 2022-11-20 00:04:20.451 [main] SauceLiveProject - Browser open.....
[INFO ] 2022-11-20 00:04:22.132 [main] SauceLiveProject - Login Successful..
[INFO ] 2022-11-20 00:04:26.108 [main] SauceLiveProject - Browser open.....
[INFO ] 2022-11-20 00:07:26.865 [main] SauceLiveProject - Browser open.....
[INFO ] 2022-11-20 00:07:28.234 [main] SauceLiveProject - Login Successful..
[INFO ] 2022-11-20 00:07:31.393 [main] SauceLiveProject - Browser open.....
[INFO ] 2022-11-20 00:13:55.975 [main] SauceLiveProject - Browser open.....
[INFO ] 2022-11-20 00:13:57.510 [main] SauceLiveProject - Login Successful..
[INFO ] 2022-11-20 00:14:00.506 [main] SauceLiveProject - Browser open.....
[INFO ] 2022-11-20 06:50:50.845 [main] SauceLiveProject - Browser open.....
[INFO ] 2022-11-20 06:50:52.709 [main] SauceLiveProject - Login Successful..
[INFO ] 2022-11-20 06:50:57.114 [main] SauceLiveProject - Browser open.....
[INFO ] 2022-11-20 06:55:11.262 [main] SauceLiveProject - Browser open.....
[INFO ] 2022-11-20 06:55:12.738 [main] SauceLiveProject - Login Successful..
[INFO ] 2022-11-20 06:55:15.787 [main] SauceLiveProject - Browser open.....
[INFO ] 2022-11-20 06:57:05.458 [main] SauceLiveProject - Browser open.....
[INFO ] 2022-11-20 06:57:06.135 [main] SauceLiveProject - Login Successful..
[INFO ] 2022-11-20 06:57:09.278 [main] SauceLiveProject - Browser open.....
[INFO ] 2022-11-20 06:58:47.830 [main] SauceLiveProject - Browser open.....
[INFO ] 2022-11-20 06:58:49.090 [main] SauceLiveProject - Login Successful..
[INFO ] 2022-11-20 06:58:52.278 [main] SauceLiveProject - Browser open.....
[INFO ] 2022-11-20 06:59:02.964 [main] SauceLiveProject - Login Not Successful..
[INFO ] 2022-11-20 13:56:36.586 [main] SauceLiveProject - Browser open.....
[INFO ] 2022-11-20 13:56:38.962 [main] SauceLiveProject - Login Successful..
[INFO ] 2022-11-20 13:59:56.667 [main] SauceLiveProject - Browser open.....
[INFO ] 2022-11-20 13:59:58.480 [main] SauceLiveProject - Login Successful..
[INFO ] 2022-11-20 14:20:47.422 [main] SauceLiveProject - Browser open
[INFO ] 2022-11-20 14:22:16.117 [main] SauceLiveProject - Browser open
[INFO ] 2022-11-20 14:24:40.076 [main] SauceLiveProject - Browser open
[INFO ] 2022-11-20 14:29:24.847 [main] SauceLiveProject - Browser open.....
[INFO ] 2022-11-20 14:29:25.895 [main] SauceLiveProject - Login Successful..
[INFO ] 2022-11-20 14:29:29.021 [main] SauceLiveProject - Browser open.....
[INFO ] 2022-11-20 14:29:39.774 [main] SauceLiveProject - Login Not Successful..
[INFO ] 2022-11-20 14:32:27.803 [main] SauceLiveProject - Browser open
[INFO ] 2022-11-20 14:34:49.413 [main] SauceLiveProject - Browser open
[INFO ] 2022-11-20 14:41:01.750 [main] SauceLiveProject - Browser open
[INFO ] 2022-11-20 14:44:02.580 [main] SauceLiveProject - Browser open
[INFO ] 2022-11-20 14:44:53.981 [main] SauceLiveProject - Browser open
[INFO ] 2022-11-20 14:44:53.998 [main] SauceLiveProject - Browser Closed...
[INFO ] 2022-11-20 14:50:50.098 [main] SauceLiveProject - Browser open
[INFO ] 2022-11-20 14:50:50.115 [main] SauceLiveProject - Browser Closed...
[INFO ] 2022-11-20 14:51:55.911 [main] SauceLiveProject - Browser open
[INFO ] 2022-11-20 16:14:31.011 [main] SauceLiveProject - Browser open
[INFO ] 2022-11-20 16:16:05.800 [main] SauceLiveProject - Browser open
[INFO ] 2022-11-20 16:16:05.832 [main] SauceLiveProject - Browser Closed...
[INFO ] 2022-11-20 16:18:34.211 [main] SauceLiveProject - Browser open
[INFO ] 2022-11-20 16:18:34.230 [main] SauceLiveProject - Browser Closed...
[INFO ] 2022-11-20 16:20:38.623 [main] SauceLiveProject - Browser open
[INFO ] 2022-11-20 16:20:38.724 [main] SauceLiveProject - Browser Closed...
[INFO ] 2022-11-20 16:22:32.022 [main] SauceLiveProject - Browser open
[INFO ] 2022-11-20 16:25:57.155 [main] SauceLiveProject - Browser open
[INFO ] 2022-11-20 16:29:11.427 [main] SauceLiveProject - Browser open
[INFO ] 2022-11-20 16:33:18.941 [main] SauceLiveProject - Browser open
[INFO ] 2022-11-20 16:33:20.569 [main] SauceLiveProject - Browser Closed...
[INFO ] 2022-11-20 16:38:16.378 [main] SauceLiveProject - Browser open.....
[INFO ] 2022-11-20 16:38:18.307 [main] SauceLiveProject - Login Successful..
[INFO ] 2022-11-20 16:38:21.609 [main] SauceLiveProject - Browser open.....
[INFO ] 2022-11-20 16:38:32.265 [main] SauceLiveProject - Login Not Successful..
[INFO ] 2022-11-20 16:38:35.870 [main] SauceLiveProject - Browser open
[INFO ] 2022-11-20 16:38:36.656 [main] SauceLiveProject - Browser Closed...
[INFO ] 2022-11-20 16:40:19.508 [main] SauceLiveProject - Browser open.....
[INFO ] 2022-11-20 16:40:21.146 [main] SauceLiveProject - Login Successful..
[INFO ] 2022-11-20 16:40:26.225 [main] SauceLiveProject - Browser open
[INFO ] 2022-11-20 16:40:27.446 [main] SauceLiveProject - Browser Closed...
[INFO ] 2022-11-20 16:44:20.359 [main] SauceLiveProject - Browser open.....
[INFO ] 2022-11-20 16:44:22.007 [main] SauceLiveProject - Login Successful..
[INFO ] 2022-11-20 16:46:09.325 [main] SauceLiveProject - Browser open.....
[INFO ] 2022-11-20 16:46:10.768 [main] SauceLiveProject - Login Successful..
[INFO ] 2022-11-20 16:46:20.517 [main] SauceLiveProject - Browser open.....
[INFO ] 2022-11-20 16:46:31.081 [main] SauceLiveProject - Login Not Successful..
[INFO ] 2022-11-20 16:49:44.925 [main] SauceLiveProject - Browser open.....
[INFO ] 2022-11-20 16:49:46.655 [main] SauceLiveProject - Login Successful..
[INFO ] 2022-11-20 16:49:49.559 [main] SauceLiveProject - Browser open.....
[INFO ] 2022-11-20 16:50:00.231 [main] SauceLiveProject - Login Not Successful..
[INFO ] 2022-11-20 16:52:11.908 [main] SauceLiveProject - Browser open.....
[INFO ] 2022-11-20 16:52:13.344 [main] SauceLiveProject - Login Successful..
[INFO ] 2022-11-20 16:52:16.045 [main] SauceLiveProject - Browser open.....
[INFO ] 2022-11-20 16:52:26.734 [main] SauceLiveProject - Login Not Successful..
[INFO ] 2022-11-20 16:52:30.508 [main] SauceLiveProject - Browser open
[INFO ] 2022-11-20 16:52:31.446 [main] SauceLiveProject - Browser Closed...
